<?xml version="1.0" encoding="UTF-8"?>
<!-- Generated by org.testng.reporters.JUnitReportReporter -->
<testsuite hostname="DESKTOP-137NM9T" failures="0" tests="1" name="com.qa.Testcases.ProductSearchTest" time="9.599" errors="0" timestamp="2024-01-12T15:54:12 EST" skipped="0">
  <testcase classname="com.qa.Testcases.ProductSearchTest" name="searchProduct" time="9.599"/>
</testsuite> <!-- com.qa.Testcases.ProductSearchTest -->
